2023-04-02 21:08:38.184333 - Initialized conversion of CBT036
2023-04-02 21:08:38.437758 - Received SBGOLOB.CBT505.FILE036 from FILE036.XMI 
2023-04-02 21:08:38.440772 - Found $$$#DATE.txt (text/plain) in SBGOLOB.CBT505.FILE036, moved to FILE036/$$$#DATE
2023-04-02 21:08:38.441866 - Found $$$TITLE.txt (text/plain) in SBGOLOB.CBT505.FILE036, moved to FILE036/$$$TITLE
2023-04-02 21:08:38.443345 - Found $$DOC.txt (text/plain) in SBGOLOB.CBT505.FILE036, moved to FILE036/$$DOC
2023-04-02 21:08:38.444387 - Found $CREAMED.txt (text/plain) in SBGOLOB.CBT505.FILE036, moved to FILE036/$CREAMED
2023-04-02 21:08:38.445317 - Found $INSTALL.txt (text/plain) in SBGOLOB.CBT505.FILE036, moved to FILE036/$INSTALL
2023-04-02 21:08:38.446931 - Found @FILE036.txt (text/plain) in SBGOLOB.CBT505.FILE036, moved to FILE036/@FILE036
2023-04-02 21:08:38.447875 - Found ASMLINK.jcl (text/plain) in SBGOLOB.CBT505.FILE036, moved to FILE036/ASMLINK
2023-04-02 21:08:38.449148 - Found ASMLINKS.jcl (text/plain) in SBGOLOB.CBT505.FILE036, moved to FILE036/ASMLINKS
2023-04-02 21:08:38.450431 - Found CSPFPDS.txt (text/plain) in SBGOLOB.CBT505.FILE036, moved to FILE036/CSPFPDS
2023-04-02 21:08:38.451657 - Found CVTCLISO.txt (text/plain) in SBGOLOB.CBT505.FILE036, moved to FILE036/CVTCLISO
2023-04-02 21:08:38.453148 - Found CVTCLIST.txt (text/plain) in SBGOLOB.CBT505.FILE036, moved to FILE036/CVTCLIST
2023-04-02 21:08:38.454765 - Found ENTER.txt (text/plain) in SBGOLOB.CBT505.FILE036, moved to FILE036/ENTER
2023-04-02 21:08:38.456040 - Found ENTERROR.txt (text/plain) in SBGOLOB.CBT505.FILE036, moved to FILE036/ENTERROR
2023-04-02 21:08:38.457420 - Found ENTER1.txt (text/plain) in SBGOLOB.CBT505.FILE036, moved to FILE036/ENTER1
2023-04-02 21:08:38.458586 - Found ENTRRR.txt (text/plain) in SBGOLOB.CBT505.FILE036, moved to FILE036/ENTRRR
2023-04-02 21:08:38.459573 - Found EOFELEM.txt (text/plain) in SBGOLOB.CBT505.FILE036, moved to FILE036/EOFELEM
2023-04-02 21:08:38.460604 - Found EQREG.txt (text/plain) in SBGOLOB.CBT505.FILE036, moved to FILE036/EQREG
2023-04-02 21:08:38.461568 - Found EQUATES.txt (text/plain) in SBGOLOB.CBT505.FILE036, moved to FILE036/EQUATES
2023-04-02 21:08:38.462436 - Found EQUREG.txt (text/plain) in SBGOLOB.CBT505.FILE036, moved to FILE036/EQUREG
2023-04-02 21:08:38.463385 - Found EXIT.txt (text/plain) in SBGOLOB.CBT505.FILE036, moved to FILE036/EXIT
2023-04-02 21:08:38.464307 - Found FIXMENU.txt (text/plain) in SBGOLOB.CBT505.FILE036, moved to FILE036/FIXMENU
2023-04-02 21:08:38.465203 - Found FPDSP0.txt (text/plain) in SBGOLOB.CBT505.FILE036, moved to FILE036/FPDSP0
2023-04-02 21:08:38.466057 - Found FPDSP1.txt (text/plain) in SBGOLOB.CBT505.FILE036, moved to FILE036/FPDSP1
2023-04-02 21:08:38.466983 - Found FPDS00.txt (text/plain) in SBGOLOB.CBT505.FILE036, moved to FILE036/FPDS00
2023-04-02 21:08:38.467940 - Found GENAME.txt (text/plain) in SBGOLOB.CBT505.FILE036, moved to FILE036/GENAME
2023-04-02 21:08:38.468912 - Found MULTBASE.txt (text/plain) in SBGOLOB.CBT505.FILE036, moved to FILE036/MULTBASE
2023-04-02 21:08:38.469902 - Found RBWENTER.txt (text/plain) in SBGOLOB.CBT505.FILE036, moved to FILE036/RBWENTER
2023-04-02 21:08:38.470905 - Found REGISTER.txt (text/plain) in SBGOLOB.CBT505.FILE036, moved to FILE036/REGISTER
2023-04-02 21:08:38.471944 - Found REMEMBER.txt (text/plain) in SBGOLOB.CBT505.FILE036, moved to FILE036/REMEMBER
2023-04-02 21:08:38.472948 - Found RRW@PRIM.txt (text/plain) in SBGOLOB.CBT505.FILE036, moved to FILE036/RRW@PRIM
2023-04-02 21:08:38.473928 - Found SETPCB.txt (text/plain) in SBGOLOB.CBT505.FILE036, moved to FILE036/SETPCB
2023-04-02 21:08:38.474862 - Found SPFCNTL.txt (text/plain) in SBGOLOB.CBT505.FILE036, moved to FILE036/SPFCNTL
2023-04-02 21:08:38.476573 - Found SPFCODE.txt (text/plain) in SBGOLOB.CBT505.FILE036, moved to FILE036/SPFCODE
2023-04-02 21:08:38.477679 - Found SPFCORE.txt (text/plain) in SBGOLOB.CBT505.FILE036, moved to FILE036/SPFCORE
2023-04-02 21:08:38.478730 - Found SPFDSCT.txt (text/plain) in SBGOLOB.CBT505.FILE036, moved to FILE036/SPFDSCT
2023-04-02 21:08:38.479684 - Found SPFFIX.txt (text/plain) in SBGOLOB.CBT505.FILE036, moved to FILE036/SPFFIX
2023-04-02 21:08:38.480655 - Found SPFMAIN.txt (text/plain) in SBGOLOB.CBT505.FILE036, moved to FILE036/SPFMAIN
2023-04-02 21:08:38.481576 - Found SPFSCAN.txt (text/plain) in SBGOLOB.CBT505.FILE036, moved to FILE036/SPFSCAN
2023-04-02 21:08:38.482518 - Found SPFSRCH.txt (text/plain) in SBGOLOB.CBT505.FILE036, moved to FILE036/SPFSRCH
2023-04-02 21:08:38.483458 - Found TERME.txt (text/plain) in SBGOLOB.CBT505.FILE036, moved to FILE036/TERME
